[debug] [2023-04-26T13:08:42.913Z] ----------------------------------------------------------------------
[debug] [2023-04-26T13:08:42.916Z] Command:       C:\Program Files\nodejs\node.exe C:\Users\Avani\AppData\Roaming\npm\node_modules\firebase-tools\lib\bin\firebase.js init
[debug] [2023-04-26T13:08:42.916Z] CLI Version:   11.29.0
[debug] [2023-04-26T13:08:42.917Z] Platform:      win32
[debug] [2023-04-26T13:08:42.917Z] Node Version:  v18.12.1
[debug] [2023-04-26T13:08:42.918Z] Time:          Wed Apr 26 2023 18:38:42 GMT+0530 (India Standard Time)
[debug] [2023-04-26T13:08:42.918Z] ----------------------------------------------------------------------
[debug] 
[debug] [2023-04-26T13:08:42.923Z] >>> [apiv2][query] GET https://firebase-public.firebaseio.com/cli.json [none]
[debug] [2023-04-26T13:08:42.980Z] > command requires scopes: ["email","openid","https://www.googleapis.com/auth/cloudplatformprojects.readonly","https://www.googleapis.com/auth/firebase","https://www.googleapis.com/auth/cloud-platform"]
[debug] [2023-04-26T13:08:42.980Z] > authorizing via signed-in user (takaarti10@gmail.com)
[info] 
     ######## #### ########  ######## ########     ###     ######  ########
     ##        ##  ##     ## ##       ##     ##  ##   ##  ##       ##
     ######    ##  ########  ######   ########  #########  ######  ######
     ##        ##  ##    ##  ##       ##     ## ##     ##       ## ##
     ##       #### ##     ## ######## ########  ##     ##  ######  ########

You're about to initialize a Firebase project in this directory:

  C:\Users\Avani\Desktop\E-commerce-website

[debug] [2023-04-26T13:08:43.873Z] <<< [apiv2][status] GET https://firebase-public.firebaseio.com/cli.json 200
[debug] [2023-04-26T13:08:43.874Z] <<< [apiv2][body] GET https://firebase-public.firebaseio.com/cli.json {"cloudBuildErrorAfter":1594252800000,"cloudBuildWarnAfter":1590019200000,"defaultNode10After":1594252800000,"minVersion":"3.0.5","node8DeploysDisabledAfter":1613390400000,"node8RuntimeDisabledAfter":1615809600000,"node8WarnAfter":1600128000000}
